<?xml version="1.0" encoding="UTF-8"?>
<testsuite name="ru.sbespalko.crud.file.TestCharNIO" tests="4" skipped="1" failures="0" errors="0" timestamp="2017-05-09T16:23:30" hostname="sergey-Lenovo-B590" time="0.008">
  <properties/>
  <testcase name="testWrite" classname="ru.sbespalko.crud.file.TestCharNIO" time="0.001"/>
  <testcase name="testRead" classname="ru.sbespalko.crud.file.TestCharNIO" time="0.001"/>
  <testcase name="testCreate" classname="ru.sbespalko.crud.file.TestCharNIO" time="0.0"/>
  <testcase name="testDelete" classname="ru.sbespalko.crud.file.TestCharNIO" time="0.001">
    <skipped/>
  </testcase>
  <system-out><![CDATA[CharNIO testing!qwertyuiop[]asdfghjkl;'zxcvbnm,./
]]></system-out>
  <system-err><![CDATA[]]></system-err>
</testsuite>
