<?xml version="1.0" encoding="UTF-8"?>
<testsuite name="ru.sbespalko.crud.file.TestByteIO" tests="4" skipped="1" failures="0" errors="0" timestamp="2017-05-10T11:45:51" hostname="21-000851" time="0.005">
  <properties/>
  <testcase name="testWrite" classname="ru.sbespalko.crud.file.TestByteIO" time="0.003"/>
  <testcase name="testRead" classname="ru.sbespalko.crud.file.TestByteIO" time="0.0"/>
  <testcase name="testCreate" classname="ru.sbespalko.crud.file.TestByteIO" time="0.0"/>
  <testcase name="testDelete" classname="ru.sbespalko.crud.file.TestByteIO" time="0.0">
    <skipped/>
  </testcase>
  <system-out><![CDATA[ByteIO testing!qwertyuiop[]asdfghjkl;'zxcvbnm,./
]]></system-out>
  <system-err><![CDATA[]]></system-err>
</testsuite>
